Flow report for NIOS_5
Mon Jan 16 19:44:40 2023
Quartus Prime Version 18.0.0 Build 614 04/24/2018 SJ Lite Edition


---------------------
; Table of Contents ;
---------------------
  1. Legal Notice
  2. Flow Summary
  3. Flow Settings
  4. Flow Non-Default Global Settings
  5. Flow Elapsed Time
  6. Flow OS Summary
  7. Flow Log
  8. Flow Messages
  9. Flow Suppressed Messages



----------------
; Legal Notice ;
----------------
Copyright (C) 2018  Intel Corporation. All rights reserved.
Your use of Intel Corporation's design tools, logic functions 
and other software and tools, and its AMPP partner logic 
functions, and any output files from any of the foregoing 
(including device programming or simulation files), and any 
associated documentation or information are expressly subject 
to the terms and conditions of the Intel Program License 
Subscription Agreement, the Intel Quartus Prime License Agreement,
the Intel FPGA IP License Agreement, or other applicable license
agreement, including, without limitation, that your use is for
the sole purpose of programming logic devices manufactured by
Intel and sold by Intel or its authorized distributors.  Please
refer to the applicable agreement for further details.



+----------------------------------------------------------------------------------+
; Flow Summary                                                                     ;
+------------------------------------+---------------------------------------------+
; Flow Status                        ; Successful - Mon Jan 16 19:44:30 2023       ;
; Quartus Prime Version              ; 18.0.0 Build 614 04/24/2018 SJ Lite Edition ;
; Revision Name                      ; NIOS_5                                      ;
; Top-level Entity Name              ; DE10_LITE_Golden_Top                        ;
; Family                             ; MAX 10                                      ;
; Device                             ; 10M50DAF484C6GES                            ;
; Timing Models                      ; Preliminary                                 ;
; Total logic elements               ; 9,488 / 49,760 ( 19 % )                     ;
;     Total combinational functions  ; 7,739 / 49,760 ( 16 % )                     ;
;     Dedicated logic registers      ; 6,227 / 49,760 ( 13 % )                     ;
; Total registers                    ; 6227                                        ;
; Total pins                         ; 185 / 360 ( 51 % )                          ;
; Total virtual pins                 ; 0                                           ;
; Total memory bits                  ; 449,432 / 1,677,312 ( 27 % )                ;
; Embedded Multiplier 9-bit elements ; 6 / 288 ( 2 % )                             ;
; Total PLLs                         ; 1 / 4 ( 25 % )                              ;
; UFM blocks                         ; 1 / 1 ( 100 % )                             ;
; ADC blocks                         ; 1 / 2 ( 50 % )                              ;
+------------------------------------+---------------------------------------------+


+-----------------------------------------+
; Flow Settings                           ;
+-------------------+---------------------+
; Option            ; Setting             ;
+-------------------+---------------------+
; Start date & time ; 01/16/2023 19:41:55 ;
; Main task         ; Compilation         ;
; Revision Name     ; NIOS_5              ;
+-------------------+---------------------+


+--------------------------------------------------------------------------------------------------------------------------------------------------+
; Flow Non-Default Global Settings                                                                                                                 ;
+-------------------------------------+--------------------------------------------------------+---------------+----------------------+------------+
; Assignment Name                     ; Value                                                  ; Default Value ; Entity Name          ; Section Id ;
+-------------------------------------+--------------------------------------------------------+---------------+----------------------+------------+
; COMPILER_SIGNATURE_ID               ; 194042949445197.167386571515676                        ; --            ; --                   ; --         ;
; MAX_CORE_JUNCTION_TEMP              ; 85                                                     ; --            ; --                   ; --         ;
; MESSAGE_DISABLE                     ; 332060                                                 ; --            ; altera_onchip_flash  ; --         ;
; MIN_CORE_JUNCTION_TEMP              ; 0                                                      ; --            ; --                   ; --         ;
; MISC_FILE                           ; core/synthesis/../core.cmp                             ; --            ; --                   ; --         ;
; MISC_FILE                           ; core/synthesis/../../core.qsys                         ; --            ; --                   ; --         ;
; OUTPUT_IO_TIMING_FAR_END_VMEAS      ; Half Signal Swing                                      ; --            ; --                   ; --         ;
; OUTPUT_IO_TIMING_FAR_END_VMEAS      ; Half Signal Swing                                      ; --            ; --                   ; --         ;
; OUTPUT_IO_TIMING_NEAR_END_VMEAS     ; Half Vccio                                             ; --            ; --                   ; --         ;
; OUTPUT_IO_TIMING_NEAR_END_VMEAS     ; Half Vccio                                             ; --            ; --                   ; --         ;
; PARTITION_COLOR                     ; -- (Not supported for targeted family)                 ; --            ; DE10_LITE_Golden_Top ; Top        ;
; PARTITION_FITTER_PRESERVATION_LEVEL ; -- (Not supported for targeted family)                 ; --            ; DE10_LITE_Golden_Top ; Top        ;
; PARTITION_NETLIST_TYPE              ; -- (Not supported for targeted family)                 ; --            ; DE10_LITE_Golden_Top ; Top        ;
; POWER_BOARD_THERMAL_MODEL           ; None (CONSERVATIVE)                                    ; --            ; --                   ; --         ;
; POWER_PRESET_COOLING_SOLUTION       ; 23 MM HEAT SINK WITH 200 LFPM AIRFLOW                  ; --            ; --                   ; --         ;
; PROJECT_OUTPUT_DIRECTORY            ; output_files                                           ; --            ; --                   ; --         ;
; SLD_FILE                            ; core/synthesis/core.regmap                             ; --            ; --                   ; --         ;
; SLD_FILE                            ; core/synthesis/core.debuginfo                          ; --            ; --                   ; --         ;
; SLD_INFO                            ; QSYS_NAME core HAS_SOPCINFO 1 GENERATION_ID 1673865123 ; --            ; core                 ; --         ;
; SOPCINFO_FILE                       ; core/synthesis/../../core.sopcinfo                     ; --            ; --                   ; --         ;
; SYNTHESIS_ONLY_QIP                  ; On                                                     ; --            ; --                   ; --         ;
; TOP_LEVEL_ENTITY                    ; DE10_LITE_Golden_Top                                   ; NIOS_5        ; --                   ; --         ;
+-------------------------------------+--------------------------------------------------------+---------------+----------------------+------------+


+--------------------------------------------------------------------------------------------------------------------------+
; Flow Elapsed Time                                                                                                        ;
+----------------------+--------------+-------------------------+---------------------+------------------------------------+
; Module Name          ; Elapsed Time ; Average Processors Used ; Peak Virtual Memory ; Total CPU Time (on all processors) ;
+----------------------+--------------+-------------------------+---------------------+------------------------------------+
; Analysis & Synthesis ; 00:01:35     ; 1.0                     ; 5088 MB             ; 00:02:15                           ;
; Fitter               ; 00:00:43     ; 1.4                     ; 6064 MB             ; 00:01:17                           ;
; Assembler            ; 00:00:04     ; 1.0                     ; 4728 MB             ; 00:00:04                           ;
; Timing Analyzer      ; 00:00:09     ; 2.1                     ; 4953 MB             ; 00:00:17                           ;
; Total                ; 00:02:31     ; --                      ; --                  ; 00:03:53                           ;
+----------------------+--------------+-------------------------+---------------------+------------------------------------+


+------------------------------------------------------------------------------------+
; Flow OS Summary                                                                    ;
+----------------------+------------------+------------+------------+----------------+
; Module Name          ; Machine Hostname ; OS Name    ; OS Version ; Processor type ;
+----------------------+------------------+------------+------------+----------------+
; Analysis & Synthesis ; DESKTOP-8JLH25J  ; Windows 10 ; 10.0       ; x86_64         ;
; Fitter               ; DESKTOP-8JLH25J  ; Windows 10 ; 10.0       ; x86_64         ;
; Assembler            ; DESKTOP-8JLH25J  ; Windows 10 ; 10.0       ; x86_64         ;
; Timing Analyzer      ; DESKTOP-8JLH25J  ; Windows 10 ; 10.0       ; x86_64         ;
+----------------------+------------------+------------+------------+----------------+


------------
; Flow Log ;
------------
quartus_map --read_settings_files=on --write_settings_files=off NIOS_5 -c NIOS_5
quartus_fit --read_settings_files=off --write_settings_files=off NIOS_5 -c NIOS_5
quartus_asm --read_settings_files=off --write_settings_files=off NIOS_5 -c NIOS_5
quartus_sta NIOS_5 -c NIOS_5



